2025-11-13 17:41:39,109 - INFO - Data Loaded Successfully : (7043, 21)
2025-11-13 17:41:39,114 - INFO - Missing Values before imputation: 10
2025-11-13 17:41:39,122 - INFO - Missing Values after imputation: 0
2025-11-13 17:41:39,127 - INFO - customerID          0
gender              0
SeniorCitizen       0
Partner             0
Dependents          0
tenure              0
PhoneService        0
MultipleLines       0
InternetService     0
OnlineSecurity      0
OnlineBackup        0
DeviceProtection    0
TechSupport         0
StreamingTV         0
StreamingMovies     0
Contract            0
PaperlessBilling    0
PaymentMethod       0
MonthlyCharges      0
TotalCharges        0
dtype: int64 : data type : customerID           object
gender               object
SeniorCitizen         int64
Partner              object
Dependents           object
tenure                int64
PhoneService         object
MultipleLines        object
InternetService      object
OnlineSecurity       object
OnlineBackup         object
DeviceProtection     object
TechSupport          object
StreamingTV          object
StreamingMovies      object
Contract             object
PaperlessBilling     object
PaymentMethod        object
MonthlyCharges      float64
TotalCharges        float64
dtype: object
2025-11-13 17:41:39,130 - INFO - Numerical Column name :Index(['SeniorCitizen', 'tenure', 'MonthlyCharges', 'TotalCharges'], dtype='object')
2025-11-13 17:41:39,131 - INFO - Categorical Column name :Index(['gender', 'Partner', 'Dependents', 'PhoneService', 'MultipleLines',
       'InternetService', 'OnlineSecurity', 'OnlineBackup', 'DeviceProtection',
       'TechSupport', 'StreamingTV', 'StreamingMovies', 'Contract',
       'PaperlessBilling', 'PaymentMethod'],
      dtype='object')
2025-11-13 17:41:39,145 - INFO - main column names : Index(['SeniorCitizen_log_trim', 'tenure_log_trim', 'MonthlyCharges_log_trim',
       'TotalCharges_log_trim'],
      dtype='object')
2025-11-13 17:41:39,145 - INFO - main column names : Index(['SeniorCitizen_log_trim', 'tenure_log_trim', 'MonthlyCharges_log_trim',
       'TotalCharges_log_trim'],
      dtype='object')
2025-11-13 17:41:39,148 - INFO - Train column names : Index(['tenure_log_trim', 'MonthlyCharges_log_trim', 'TotalCharges_log_trim'], dtype='object')
2025-11-13 17:41:39,148 - INFO - Test column names : Index(['tenure_log_trim', 'MonthlyCharges_log_trim', 'TotalCharges_log_trim'], dtype='object')
2025-11-13 17:41:39,150 - INFO - Train column names : Index(['tenure_log_trim', 'MonthlyCharges_log_trim', 'TotalCharges_log_trim'], dtype='object')
2025-11-13 17:41:39,150 - INFO - Test column names : Index(['tenure_log_trim', 'MonthlyCharges_log_trim', 'TotalCharges_log_trim'], dtype='object')
2025-11-13 17:41:39,154 - INFO - Train column names : Index(['tenure_log_trim', 'TotalCharges_log_trim'], dtype='object')
2025-11-13 17:41:39,154 - INFO - Test column names : Index(['tenure_log_trim', 'TotalCharges_log_trim'], dtype='object')
2025-11-13 17:41:39,154 - INFO - Categorical Column name train :Index(['gender', 'Partner', 'Dependents', 'PhoneService', 'MultipleLines',
       'InternetService', 'OnlineSecurity', 'OnlineBackup', 'DeviceProtection',
       'TechSupport', 'StreamingTV', 'StreamingMovies', 'Contract',
       'PaperlessBilling', 'PaymentMethod'],
      dtype='object')
2025-11-13 17:41:39,154 - INFO - Categorical Column name test:Index(['gender', 'Partner', 'Dependents', 'PhoneService', 'MultipleLines',
       'InternetService', 'OnlineSecurity', 'OnlineBackup', 'DeviceProtection',
       'TechSupport', 'StreamingTV', 'StreamingMovies', 'Contract',
       'PaperlessBilling', 'PaymentMethod'],
      dtype='object')
2025-11-13 17:41:39,159 - INFO - [array(['Female', 'Male'], dtype=object), array(['No', 'Yes'], dtype=object), array(['No', 'Yes'], dtype=object), array(['No', 'Yes'], dtype=object), array(['No', 'No phone service', 'Yes'], dtype=object), array(['DSL', 'Fiber optic', 'No'], dtype=object), array(['No', 'No internet service', 'Yes'], dtype=object), array(['No', 'No internet service', 'Yes'], dtype=object), array(['No', 'No internet service', 'Yes'], dtype=object), array(['No', 'No internet service', 'Yes'], dtype=object), array(['No', 'No internet service', 'Yes'], dtype=object), array(['No', 'No internet service', 'Yes'], dtype=object), array(['No', 'Yes'], dtype=object), array(['Bank transfer (automatic)', 'Credit card (automatic)',
       'Electronic check', 'Mailed check'], dtype=object)]
2025-11-13 17:41:39,159 - INFO - ['gender_Male' 'Partner_Yes' 'Dependents_Yes' 'PhoneService_Yes'
 'MultipleLines_No phone service' 'MultipleLines_Yes'
 'InternetService_Fiber optic' 'InternetService_No'
 'OnlineSecurity_No internet service' 'OnlineSecurity_Yes'
 'OnlineBackup_No internet service' 'OnlineBackup_Yes'
 'DeviceProtection_No internet service' 'DeviceProtection_Yes'
 'TechSupport_No internet service' 'TechSupport_Yes'
 'StreamingTV_No internet service' 'StreamingTV_Yes'
 'StreamingMovies_No internet service' 'StreamingMovies_Yes'
 'PaperlessBilling_Yes' 'PaymentMethod_Credit card (automatic)'
 'PaymentMethod_Electronic check' 'PaymentMethod_Mailed check']
2025-11-13 17:41:39,183 - INFO - [array(['Month-to-month', 'One year', 'Two year'], dtype=object)]
2025-11-13 17:41:39,183 - INFO - columns_names : ['Contract']
2025-11-13 17:41:39,188 - INFO - Feature columns saved to feature_columns.pkl : 27 columns
2025-11-13 17:41:39,189 - INFO - train data : gender_Male                              0
Partner_Yes                              0
Dependents_Yes                           0
PhoneService_Yes                         0
MultipleLines_No phone service           0
MultipleLines_Yes                        0
InternetService_Fiber optic              0
InternetService_No                       0
OnlineSecurity_No internet service       0
OnlineSecurity_Yes                       0
OnlineBackup_No internet service         0
OnlineBackup_Yes                         0
DeviceProtection_No internet service     0
DeviceProtection_Yes                     0
TechSupport_No internet service          0
TechSupport_Yes                          0
StreamingTV_No internet service          0
StreamingTV_Yes                          0
StreamingMovies_No internet service      0
StreamingMovies_Yes                      0
PaperlessBilling_Yes                     0
PaymentMethod_Credit card (automatic)    0
PaymentMethod_Electronic check           0
PaymentMethod_Mailed check               0
Contract_con                             0
dtype: int64
2025-11-13 17:41:39,190 - INFO - test data : gender_Male                              0
Partner_Yes                              0
Dependents_Yes                           0
PhoneService_Yes                         0
MultipleLines_No phone service           0
MultipleLines_Yes                        0
InternetService_Fiber optic              0
InternetService_No                       0
OnlineSecurity_No internet service       0
OnlineSecurity_Yes                       0
OnlineBackup_No internet service         0
OnlineBackup_Yes                         0
DeviceProtection_No internet service     0
DeviceProtection_Yes                     0
TechSupport_No internet service          0
TechSupport_Yes                          0
StreamingTV_No internet service          0
StreamingTV_Yes                          0
StreamingMovies_No internet service      0
StreamingMovies_Yes                      0
PaperlessBilling_Yes                     0
PaymentMethod_Credit card (automatic)    0
PaymentMethod_Electronic check           0
PaymentMethod_Mailed check               0
Contract_con                             0
dtype: int64
2025-11-13 17:41:39,212 - INFO -       gender_Male  Partner_Yes  Dependents_Yes  PhoneService_Yes  ...  PaymentMethod_Credit card (automatic)  PaymentMethod_Electronic check  PaymentMethod_Mailed check  Contract_con
2448          1.0          0.0             0.0               1.0  ...                                    1.0                             0.0                         0.0           0.0
2599          0.0          1.0             1.0               1.0  ...                                    0.0                             0.0                         1.0           0.0
2809          0.0          1.0             1.0               1.0  ...                                    1.0                             0.0                         0.0           2.0
1972          1.0          0.0             0.0               1.0  ...                                    0.0                             0.0                         1.0           0.0
404           1.0          1.0             0.0               1.0  ...                                    0.0                             0.0                         0.0           1.0
300           0.0          1.0             1.0               1.0  ...                                    0.0                             0.0                         0.0           0.0
4872          0.0          1.0             0.0               1.0  ...                                    0.0                             0.0                         0.0           0.0
1953          1.0          0.0             0.0               1.0  ...                                    0.0                             0.0                         0.0           2.0
4980          0.0          1.0             1.0               0.0  ...                                    0.0                             1.0                         0.0           2.0
5256          0.0          1.0             1.0               1.0  ...                                    0.0                             0.0                         0.0           0.0

[10 rows x 25 columns]
2025-11-13 17:41:39,234 - INFO -       gender_Male  Partner_Yes  Dependents_Yes  PhoneService_Yes  ...  PaymentMethod_Credit card (automatic)  PaymentMethod_Electronic check  PaymentMethod_Mailed check  Contract_con
1355          1.0          0.0             0.0               1.0  ...                                    0.0                             0.0                         1.0           0.0
1246          0.0          0.0             0.0               1.0  ...                                    0.0                             1.0                         0.0           0.0
466           1.0          1.0             0.0               1.0  ...                                    0.0                             1.0                         0.0           0.0
560           1.0          1.0             0.0               1.0  ...                                    0.0                             0.0                         0.0           0.0
1274          0.0          0.0             0.0               1.0  ...                                    0.0                             0.0                         1.0           1.0
735           0.0          1.0             0.0               1.0  ...                                    0.0                             1.0                         0.0           0.0
635           1.0          0.0             0.0               1.0  ...                                    0.0                             0.0                         0.0           2.0
245           0.0          1.0             0.0               0.0  ...                                    0.0                             0.0                         0.0           2.0
1240          0.0          1.0             0.0               1.0  ...                                    0.0                             1.0                         0.0           0.0
280           0.0          1.0             1.0               1.0  ...                                    0.0                             0.0                         0.0           0.0

[10 rows x 25 columns]
2025-11-13 17:41:39,234 - INFO - y_train_data : ['No' 'Yes']
2025-11-13 17:41:39,234 - INFO - y_train_data : 0
2025-11-13 17:41:39,235 - INFO - y_test_data : ['Yes' 'No']
2025-11-13 17:41:39,235 - INFO - y_test_data : 0
2025-11-13 17:41:39,235 - INFO - 2142     No
1623     No
6074    Yes
1362    Yes
6754     No
1212     No
2722     No
4006     No
6791    Yes
5466     No
Name: Churn, dtype: object
2025-11-13 17:41:39,236 - INFO - detailed['No' 'Yes']
2025-11-13 17:41:39,236 - INFO - [0 0 1 1 0 0 0 0 1 0]
2025-11-13 17:41:39,236 - INFO - y_train_data : (5634,)
2025-11-13 17:41:39,236 - INFO - y_test_data : (1409,)
2025-11-13 17:41:39,238 - INFO - training data shape : (5634, 27) : training data columns : Index(['tenure_log_trim', 'TotalCharges_log_trim', 'gender_Male',
       'Partner_Yes', 'Dependents_Yes', 'PhoneService_Yes',
       'MultipleLines_No phone service', 'MultipleLines_Yes',
       'InternetService_Fiber optic', 'InternetService_No',
       'OnlineSecurity_No internet service', 'OnlineSecurity_Yes',
       'OnlineBackup_No internet service', 'OnlineBackup_Yes',
       'DeviceProtection_No internet service', 'DeviceProtection_Yes',
       'TechSupport_No internet service', 'TechSupport_Yes',
       'StreamingTV_No internet service', 'StreamingTV_Yes',
       'StreamingMovies_No internet service', 'StreamingMovies_Yes',
       'PaperlessBilling_Yes', 'PaymentMethod_Credit card (automatic)',
       'PaymentMethod_Electronic check', 'PaymentMethod_Mailed check',
       'Contract_con'],
      dtype='object')
2025-11-13 17:41:39,239 - INFO - testing data shape : (1409, 27) : testing data columns : Index(['tenure_log_trim', 'TotalCharges_log_trim', 'gender_Male',
       'Partner_Yes', 'Dependents_Yes', 'PhoneService_Yes',
       'MultipleLines_No phone service', 'MultipleLines_Yes',
       'InternetService_Fiber optic', 'InternetService_No',
       'OnlineSecurity_No internet service', 'OnlineSecurity_Yes',
       'OnlineBackup_No internet service', 'OnlineBackup_Yes',
       'DeviceProtection_No internet service', 'DeviceProtection_Yes',
       'TechSupport_No internet service', 'TechSupport_Yes',
       'StreamingTV_No internet service', 'StreamingTV_Yes',
       'StreamingMovies_No internet service', 'StreamingMovies_Yes',
       'PaperlessBilling_Yes', 'PaymentMethod_Credit card (automatic)',
       'PaymentMethod_Electronic check', 'PaymentMethod_Mailed check',
       'Contract_con'],
      dtype='object')
2025-11-13 17:41:39,239 - INFO - --------------Before Data Balancing-----------------
2025-11-13 17:41:39,239 - INFO - total rows for good category in training data 5634 was : 1496
2025-11-13 17:41:39,239 - INFO - total rows for bad category in training data 5634 was : 4138
2025-11-13 17:41:39,239 - INFO - --------------After Data Balancing-----------------
2025-11-13 17:41:40,627 - INFO - total rows for good category in training data 8276 was : 4138
2025-11-13 17:41:40,628 - INFO - total rows for bad category in training data 8276 was : 4138
2025-11-13 17:41:40,628 - INFO - --------------Before Feature Scaling-----------------
2025-11-13 17:41:40,656 - INFO -    tenure_log_trim  TotalCharges_log_trim  gender_Male  ...  PaymentMethod_Electronic check  PaymentMethod_Mailed check  Contract_con
0         3.091042               7.198782          0.0  ...                             0.0                         1.0           1.0
1         4.007333               8.542949          0.0  ...                             0.0                         0.0           2.0
2         0.693147               3.196630          1.0  ...                             1.0                         0.0           0.0
3         1.609438               5.476254          1.0  ...                             1.0                         0.0           0.0
4         0.000000               6.170865          1.0  ...                             0.0                         0.0           2.0

[5 rows x 27 columns]
2025-11-13 17:41:40,665 - INFO - -----------After Feature Scaling-----------------
2025-11-13 17:41:40,665 - INFO - [[ 0.21635507  0.26656256 -1.04430642 ... -0.84948471  1.97476532
   0.63417205]
 [ 0.98045118  1.10929332 -1.04430642 ... -0.84948471 -0.51628242
   1.94240683]
 [-1.78325314 -2.24260219  0.9857134  ...  1.2030105  -0.51628242
  -0.67406273]
 ...
 [ 0.53472704  0.82951855  0.9857134  ...  1.2030105  -0.51628242
  -0.67406273]
 [ 0.79224425  0.00543826  0.9857134  ...  1.2030105  -0.51628242
   0.55575214]
 [ 0.40062423  0.47648311  0.9857134  ...  1.2030105  -0.51628242
  -0.67406273]]
2025-11-13 17:41:40,665 - INFO - --------------finalized model----------------
2025-11-13 17:41:41,778 - INFO - Model Test Accuracy: 0.7991483321504613
2025-11-13 17:41:41,782 - INFO - Confusion Matrix: [[852 184]
 [ 99 274]]
2025-11-13 17:41:41,790 - INFO - Classification Report:               precision    recall  f1-score   support

           0       0.90      0.82      0.86      1036
           1       0.60      0.73      0.66       373

    accuracy                           0.80      1409
   macro avg       0.75      0.78      0.76      1409
weighted avg       0.82      0.80      0.81      1409

2025-11-13 17:41:41,790 - INFO - --------------Model Saving----------------
